Arguments: 
  C:\Program Files\nodejs\node.exe C:\Users\Vo Anh Minh\AppData\Roaming\npm\node_modules\yarn\bin\yarn.js install

PATH: 
  C:\Python27\;C:\Python27\Scripts;C:\WINDOWS\system32;C:\WINDOWS;C:\WINDOWS\System32\Wbem;C:\WINDOWS\System32\WindowsPowerShell\v1.0\;C:\WINDOWS\System32\OpenSSH\;C:\Program Files\Git\cmd;C:\Program Files (x86)\GnuWin32\bin;C:\Users\Vo Anh Minh\AppData\Local\Programs\Python\Python38-32;C:\Users\Vo Anh Minh\AppData\Local\Programs\Python\Python38-32\Scripts;C:\Program Files\nodejs\;C:\ProgramData\chocolatey\bin;C:\Program Files\MySQL\MySQL Shell 8.0\bin\;C:\Users\Vo Anh Minh\AppData\Local\Programs\Microsoft VS Code\bin;C:\Users\Vo Anh Minh\AppData\Local\Programs\Python\Python38-32\Scripts;C:\Users\Vo Anh Minh\AppData\Local\Programs\Python\Python38-32;C:\Users\Vo Anh Minh\AppData\Roaming\npm

Yarn version: 
  1.21.1

Node version: 
  12.13.1

Platform: 
  win32 x64

Trace: 
  Error: https://registry.yarnpkg.com/date-fns/-/date-fns-2.8.1.tgz: ESOCKETTIMEDOUT
      at ClientRequest.<anonymous> (C:\Users\Vo Anh Minh\AppData\Roaming\npm\node_modules\yarn\lib\cli.js:141292:19)
      at Object.onceWrapper (events.js:299:28)
      at ClientRequest.emit (events.js:210:5)
      at TLSSocket.emitRequestTimeout (_http_client.js:690:9)
      at Object.onceWrapper (events.js:299:28)
      at TLSSocket.emit (events.js:210:5)
      at TLSSocket.Socket._onTimeout (net.js:469:8)
      at listOnTimeout (internal/timers.js:531:17)
      at processTimers (internal/timers.js:475:7)

npm manifest: 
  {
  	"name": "social-media-networking",
  	"version": "1.0.0",
  	"private": true,
  	"scripts": {
  		"start": "concurrently --kill-others \"yarn start:backend\" \"yarn start:frontend\"",
  		"start:backend": "yarn workspace social-media-network-backend start",
  		"start:frontend": "yarn workspace social-media-network-frontend start",
  		"install:backend": "cd backend && npm install",
  		"install:frontend": "cd frontend && npm install",
  		"preinstall": "yarn install:backend && yarn install:frontend",
  		"test": "echo \"Error: no test specified\" && exit 1"
  	},
  	"workspaces": {
  		"packages": [
  			"backend",
  			"frontend"
  		],
  		"nohoist": [
  			"**/react-native",
  			"**/react-native/**",
  			"**/react-scripts",
  			"**/react-scripts/**",
  			"**/expo",
  			"**/expo/**"
  		]
  	},
  	"devDependencies": {
  		"concurrently": "^5.0.1"
  	},
  	"author": "CM",
  	"license": "ISC"
  }

yarn manifest: 
  No manifest

Lockfile: 
  No lockfile
